<?xml version="1.0" encoding="UTF-8"?>
<!-- Generated by org.testng.reporters.JUnitReportReporter -->
<testsuite hostname="LAPTOP-H91286KS" failures="0" tests="1" name="restAPIBDD.GetRequest" time="1.985" errors="0" timestamp="21 Sep 2024 15:34:40 GMT" skipped="0">
  <testcase classname="restAPIBDD.GetRequest" name="test1" time="1.985"/>
</testsuite> <!-- restAPIBDD.GetRequest -->
