<?xml version="1.0" encoding="UTF-8"?>
<!-- Generated by org.testng.reporters.JUnitReportReporter -->
<testsuite hostname="LAPTOP-H91286KS" failures="0" tests="1" name="restAPI.GetReqWithParameters" time="1.730" errors="0" timestamp="14 Sep 2024 15:25:19 GMT" skipped="0">
  <testcase classname="restAPI.GetReqWithParameters" name="test1" time="1.730"/>
</testsuite> <!-- restAPI.GetReqWithParameters -->
