<?xml version="1.0" encoding="UTF-8"?>
<!-- Generated by org.testng.reporters.JUnitReportReporter -->
<testsuite hostname="LAPTOP-H91286KS" failures="0" tests="1" name="restAPI.PostRequest" time="1.202" errors="0" timestamp="14 Sep 2024 16:40:57 GMT" skipped="0">
  <testcase classname="restAPI.PostRequest" name="test1" time="1.202"/>
</testsuite> <!-- restAPI.PostRequest -->
