<?xml version="1.0" encoding="UTF-8"?>
<!-- Generated by org.testng.reporters.JUnitReportReporter -->
<testsuite hostname="LAPTOP-H91286KS" failures="0" tests="1" name="restAPIBDD.PostRequest" time="1.574" errors="0" timestamp="21 Sep 2024 15:31:12 GMT" skipped="0">
  <testcase classname="restAPIBDD.PostRequest" name="test1" time="1.574"/>
</testsuite> <!-- restAPIBDD.PostRequest -->
