<?xml version="1.0" encoding="UTF-8"?>
<!-- Generated by org.testng.reporters.JUnitReportReporter -->
<testsuite hostname="LAPTOP-H91286KS" failures="0" tests="1" name="restAPI.PostRequestWithMap" time="1.312" errors="0" timestamp="14 Sep 2024 17:19:00 GMT" skipped="0">
  <testcase classname="restAPI.PostRequestWithMap" name="test1" time="1.312"/>
</testsuite> <!-- restAPI.PostRequestWithMap -->
