<?xml version="1.0" encoding="UTF-8"?>
<!-- Generated by org.testng.reporters.JUnitReportReporter -->
<testsuite hostname="LAPTOP-H91286KS" failures="0" tests="1" name="restAPI.PostRequestWithFile" time="1.188" errors="0" timestamp="15 Sep 2024 14:04:55 GMT" skipped="0">
  <testcase classname="restAPI.PostRequestWithFile" name="test1" time="1.188"/>
</testsuite> <!-- restAPI.PostRequestWithFile -->
