<?xml version="1.0" encoding="UTF-8"?>
<!-- Generated by org.testng.reporters.JUnitReportReporter -->
<testsuite hostname="LAPTOP-H91286KS" failures="0" tests="1" name="restAPI.PutRequestWithParamters" time="1.354" errors="0" timestamp="14 Sep 2024 17:19:20 GMT" skipped="0">
  <testcase classname="restAPI.PutRequestWithParamters" name="test1" time="1.354"/>
</testsuite> <!-- restAPI.PutRequestWithParamters -->
