<?xml version="1.0" encoding="UTF-8"?>
<!-- Generated by org.testng.reporters.JUnitReportReporter -->
<testsuite hostname="LAPTOP-H91286KS" failures="0" tests="1" name="apiAuth.CreateTokenExample" time="2.059" errors="0" timestamp="21 Sep 2024 16:52:31 GMT" skipped="0">
  <testcase classname="apiAuth.CreateTokenExample" name="test1" time="2.059"/>
</testsuite> <!-- apiAuth.CreateTokenExample -->
