<?xml version="1.0" encoding="UTF-8"?>
<!-- Generated by org.testng.reporters.JUnitReportReporter -->
<testsuite hostname="LAPTOP-H91286KS" failures="0" tests="1" name="restAPI.GetRequestWithQueryParams" time="3.863" errors="0" timestamp="15 Sep 2024 14:25:24 GMT" skipped="0">
  <testcase classname="restAPI.GetRequestWithQueryParams" name="test1" time="3.863"/>
</testsuite> <!-- restAPI.GetRequestWithQueryParams -->
