<?xml version="1.0" encoding="UTF-8"?>
<!-- Generated by org.testng.reporters.JUnitReportReporter -->
<testsuite hostname="LAPTOP-H91286KS" failures="0" tests="1" name="restAPI.GetRequest" time="1.746" errors="0" timestamp="14 Sep 2024 16:20:59 GMT" skipped="0">
  <testcase classname="restAPI.GetRequest" name="test1" time="1.746"/>
</testsuite> <!-- restAPI.GetRequest -->
