<?xml version="1.0" encoding="UTF-8"?>
<!-- Generated by org.testng.reporters.JUnitReportReporter -->
<testsuite hostname="LAPTOP-H91286KS" failures="0" tests="1" name="apiAuth.BasicAuthExample" time="2.150" errors="0" timestamp="15 Sep 2024 15:09:17 GMT" skipped="0">
  <testcase classname="apiAuth.BasicAuthExample" name="test1" time="2.150"/>
</testsuite> <!-- apiAuth.BasicAuthExample -->
