<?xml version="1.0" encoding="UTF-8"?>
<!-- Generated by org.testng.reporters.JUnitReportReporter -->
<testsuite hostname="LAPTOP-H91286KS" failures="0" tests="1" name="restAPI.DeleteRequest" time="1.673" errors="0" timestamp="15 Sep 2024 14:34:47 GMT" skipped="0">
  <testcase classname="restAPI.DeleteRequest" name="test1" time="1.673"/>
</testsuite> <!-- restAPI.DeleteRequest -->
