<?xml version="1.0" encoding="UTF-8"?>
<!-- Generated by org.testng.reporters.JUnitReportReporter -->
<testsuite hostname="LAPTOP-H91286KS" failures="0" tests="1" name="apiChaining.ChainingExample" time="3.086" errors="0" timestamp="21 Sep 2024 13:49:19 GMT" skipped="0">
  <testcase classname="apiChaining.ChainingExample" name="test1" time="3.086"/>
</testsuite> <!-- apiChaining.ChainingExample -->
