<?xml version="1.0" encoding="UTF-8"?>
<!-- Generated by org.testng.reporters.JUnitReportReporter -->
<testsuite hostname="LAPTOP-H91286KS" failures="0" tests="1" name="restAPIXML.XMLExample" time="3.433" errors="0" timestamp="15 Sep 2024 14:55:38 GMT" skipped="0">
  <testcase classname="restAPIXML.XMLExample" name="test1" time="3.433"/>
</testsuite> <!-- restAPIXML.XMLExample -->
