<?xml version="1.0" encoding="UTF-8"?>
<!-- Generated by org.testng.reporters.JUnitReportReporter -->
<testsuite hostname="LAPTOP-H91286KS" failures="0" tests="1" name="restAPI.PutRequest" time="1.253" errors="0" timestamp="14 Sep 2024 17:09:01 GMT" skipped="0">
  <testcase classname="restAPI.PutRequest" name="test1" time="1.253"/>
</testsuite> <!-- restAPI.PutRequest -->
