<?xml version="1.0" encoding="UTF-8"?>
<!-- Generated by org.testng.reporters.JUnitReportReporter -->
<testsuite hostname="LAPTOP-H91286KS" failures="0" tests="1" name="apiAuth.BearerTokenExample" time="2.896" errors="0" timestamp="15 Sep 2024 15:22:35 GMT" skipped="0">
  <testcase classname="apiAuth.BearerTokenExample" name="test1" time="2.896"/>
</testsuite> <!-- apiAuth.BearerTokenExample -->
