<?xml version="1.0" encoding="UTF-8"?>
<!-- Generated by org.testng.reporters.JUnitReportReporter -->
<testsuite skipped="0" hostname="LAPTOP-H91286KS" name="apiChaining.ChainingExample" tests="1" failures="0" timestamp="15 Sep 2024 17:08:24 GMT" time="3.431" errors="0">
  <testcase name="test1" time="3.431" classname="apiChaining.ChainingExample"/>
</testsuite> <!-- apiChaining.ChainingExample -->
